<?xml version="1.0" encoding="UTF-8"?>
<beans xmlns="http://www.springframework.org/schema/beans"
       xmlns:xsi="http://www.w3.org/2001/XMLSchema-instance" xmlns:jdbc="http://www.springframework.org/schema/jdbc"
       xsi:schemaLocation="http://www.springframework.org/schema/beans
       http://www.springframework.org/schema/beans/spring-beans.xsd http://www.springframework.org/schema/jdbc http://www.springframework.org/schema/jdbc/spring-jdbc.xsd">

    <bean id="template" class="org.springframework.jdbc.core.JdbcTemplate">
        <constructor-arg ref="dataSource"/>
    </bean>


    <bean init-method="init" id="routeDao" class="by.prohor.dao.jdbc.RouteDaoImpl">
        <constructor-arg ref="template"/>
    </bean>

    <bean init-method="init" id="transportDao" class="by.prohor.dao.jdbc.TransportDaoImpl">
        <constructor-arg ref="template"/>
    </bean>

    <jdbc:embedded-database id="dataSource"/>
</beans>